Temp/gradleOut/launcher/build/intermediates/manifest_merge_blame_file/release/manifest-merger-blame-release-report.txt
1<?xml version="1.0" encoding="utf-8"?>
2<!-- GENERATED BY UNITY. REMOVE THIS COMMENT TO PREVENT OVERWRITING WHEN EXPORTING AGAIN -->
3<manifest xmlns:android="http://schemas.android.com/apk/res/android"
4    package="com.sk.instanttrackdemo"
5    android:installLocation="preferExternal"
6    android:versionCode="1"
7    android:versionName="0.1" >
8
9    <uses-sdk
10        android:minSdkVersion="24"
10-->src\main\AndroidManifest.xml
11        android:targetSdkVersion="29" />
11-->src\main\AndroidManifest.xml
12
13    <supports-screens
13-->src\main\AndroidManifest.xml:4:3-163
14        android:anyDensity="true"
14-->src\main\AndroidManifest.xml:4:135-160
15        android:largeScreens="true"
15-->src\main\AndroidManifest.xml:4:78-105
16        android:normalScreens="true"
16-->src\main\AndroidManifest.xml:4:49-77
17        android:smallScreens="true"
17-->src\main\AndroidManifest.xml:4:21-48
18        android:xlargeScreens="true" />
18-->src\main\AndroidManifest.xml:4:106-134
19
20    <uses-feature android:glEsVersion="0x00030000" />
20-->[:unityLibrary] AndroidManifest.xml:13:5-54
20-->[:unityLibrary] AndroidManifest.xml:13:19-51
21
22    <uses-permission android:name="android.permission.INTERNET" />
22-->[:unityLibrary] AndroidManifest.xml:15:5-67
22-->[:unityLibrary] AndroidManifest.xml:15:22-64
23    <uses-permission android:name="android.permission.WRITE_EXTERNAL_STORAGE" />
23-->[:unityLibrary] AndroidManifest.xml:16:5-81
23-->[:unityLibrary] AndroidManifest.xml:16:22-78
24
25    <uses-feature
25-->[:unityLibrary] AndroidManifest.xml:18:5-20:36
26        android:name="android.hardware.sensor.accelerometer"
26-->[:unityLibrary] AndroidManifest.xml:19:9-61
27        android:required="false" />
27-->[:unityLibrary] AndroidManifest.xml:20:9-33
28    <uses-feature
28-->[:unityLibrary] AndroidManifest.xml:21:5-23:36
29        android:name="android.hardware.touchscreen"
29-->[:unityLibrary] AndroidManifest.xml:22:9-52
30        android:required="false" />
30-->[:unityLibrary] AndroidManifest.xml:23:9-33
31    <uses-feature
31-->[:unityLibrary] AndroidManifest.xml:24:5-26:36
32        android:name="android.hardware.touchscreen.multitouch"
32-->[:unityLibrary] AndroidManifest.xml:25:9-63
33        android:required="false" />
33-->[:unityLibrary] AndroidManifest.xml:26:9-33
34    <uses-feature
34-->[:unityLibrary] AndroidManifest.xml:27:5-29:36
35        android:name="android.hardware.touchscreen.multitouch.distinct"
35-->[:unityLibrary] AndroidManifest.xml:28:9-72
36        android:required="false" />
36-->[:unityLibrary] AndroidManifest.xml:29:9-33
37
38    <uses-permission android:name="android.permission.CAMERA" />
38-->[:zcv:] AndroidManifest.xml:11:5-65
38-->[:zcv:] AndroidManifest.xml:11:22-62
39
40    <application
40-->src\main\AndroidManifest.xml:5:3-116
41        android:extractNativeLibs="true"
41-->src\main\AndroidManifest.xml:5:16-48
42        android:icon="@mipmap/app_icon"
42-->src\main\AndroidManifest.xml:5:82-113
43        android:label="@string/app_name" >
43-->src\main\AndroidManifest.xml:5:49-81
44        <activity
44-->[:unityLibrary] AndroidManifest.xml:32:9-51:20
45            android:name="com.unity3d.player.UnityPlayerActivity"
45-->[:unityLibrary] AndroidManifest.xml:33:13-66
46            android:configChanges="mcc|mnc|locale|touchscreen|keyboard|keyboardHidden|navigation|orientation|screenLayout|uiMode|screenSize|smallestScreenSize|fontScale|layoutDirection|density"
46-->[:unityLibrary] AndroidManifest.xml:34:13-194
47            android:hardwareAccelerated="false"
47-->[:unityLibrary] AndroidManifest.xml:35:13-48
48            android:launchMode="singleTask"
48-->[:unityLibrary] AndroidManifest.xml:36:13-44
49            android:screenOrientation="sensorLandscape"
49-->[:unityLibrary] AndroidManifest.xml:37:13-56
50            android:theme="@style/UnityThemeSelector" >
50-->[:unityLibrary] AndroidManifest.xml:38:13-54
51            <intent-filter>
51-->[:unityLibrary] AndroidManifest.xml:39:13-43:29
52                <action android:name="android.intent.action.MAIN" />
52-->[:unityLibrary] AndroidManifest.xml:40:17-69
52-->[:unityLibrary] AndroidManifest.xml:40:25-66
53
54                <category android:name="android.intent.category.LAUNCHER" />
54-->[:unityLibrary] AndroidManifest.xml:42:17-77
54-->[:unityLibrary] AndroidManifest.xml:42:27-74
55            </intent-filter>
56
57            <meta-data
57-->[:unityLibrary] AndroidManifest.xml:45:13-47:40
58                android:name="unityplayer.UnityActivity"
58-->[:unityLibrary] AndroidManifest.xml:46:17-57
59                android:value="true" />
59-->[:unityLibrary] AndroidManifest.xml:47:17-37
60            <meta-data
60-->[:unityLibrary] AndroidManifest.xml:48:13-50:40
61                android:name="android.notch_support"
61-->[:unityLibrary] AndroidManifest.xml:49:17-53
62                android:value="true" />
62-->[:unityLibrary] AndroidManifest.xml:50:17-37
63        </activity>
64
65        <meta-data
65-->[:unityLibrary] AndroidManifest.xml:53:9-55:33
66            android:name="unity.splash-mode"
66-->[:unityLibrary] AndroidManifest.xml:54:13-45
67            android:value="0" />
67-->[:unityLibrary] AndroidManifest.xml:55:13-30
68        <meta-data
68-->[:unityLibrary] AndroidManifest.xml:56:9-58:36
69            android:name="unity.splash-enable"
69-->[:unityLibrary] AndroidManifest.xml:57:13-47
70            android:value="True" />
70-->[:unityLibrary] AndroidManifest.xml:58:13-33
71        <meta-data
71-->[:unityLibrary] AndroidManifest.xml:59:9-61:50
72            android:name="notch.config"
72-->[:unityLibrary] AndroidManifest.xml:60:13-40
73            android:value="portrait|landscape" />
73-->[:unityLibrary] AndroidManifest.xml:61:13-47
74        <meta-data
74-->[:unityLibrary] AndroidManifest.xml:62:9-64:68
75            android:name="unity.build-id"
75-->[:unityLibrary] AndroidManifest.xml:63:13-42
76            android:value="f0528994-a9b6-4423-bea4-d370dbfb61a5" />
76-->[:unityLibrary] AndroidManifest.xml:64:13-65
77
78        <activity
78-->[:zcv:] AndroidManifest.xml:15:9-17:49
79            android:name="com.zappar.zcv.PermissionsActivity"
79-->[:zcv:] AndroidManifest.xml:16:13-62
80            android:excludeFromRecents="true" />
80-->[:zcv:] AndroidManifest.xml:17:13-46
81    </application>
82
83</manifest>